d:\4semestr\computer graphics\lab1\lab1\x64\debug\vc140.pdb
d:\4semestr\computer graphics\lab1\lab1\x64\debug\.netframework,version=v4.5.2.assemblyattributes.obj
d:\4semestr\computer graphics\lab1\lab1\x64\debug\.netframework,version=v4.5.2.assemblyattributes.asm
d:\4semestr\computer graphics\lab1\lab1\x64\debug\source.obj
d:\4semestr\computer graphics\lab1\lab1\x64\debug\myform.obj
d:\4semestr\computer graphics\lab1\lab1\x64\debug\lab1.myform.resources
d:\4semestr\computer graphics\lab1\lab1\x64\debug\lab1.vcxproj.generateresource.cache
d:\4semestr\computer graphics\lab1\lab1\x64\debug\lab1.vcxprojresolveassemblyreference.cache
d:\4semestr\computer graphics\lab1\x64\debug\lab1.pdb
d:\4semestr\computer graphics\lab1\lab1\x64\debug\lab1.tlog\cl.command.1.tlog
d:\4semestr\computer graphics\lab1\lab1\x64\debug\lab1.tlog\cl.read.1.tlog
d:\4semestr\computer graphics\lab1\lab1\x64\debug\lab1.tlog\cl.write.1.tlog
d:\4semestr\computer graphics\lab1\lab1\x64\debug\lab1.tlog\lab1.write.1u.tlog
d:\4semestr\computer graphics\lab1\lab1\x64\debug\lab1.tlog\link.11016.10876-cvtres.read.1.tlog
d:\4semestr\computer graphics\lab1\lab1\x64\debug\lab1.tlog\link.11016.10876-cvtres.write.1.tlog
d:\4semestr\computer graphics\lab1\lab1\x64\debug\lab1.tlog\link.11016.10876-rc.read.1.tlog
d:\4semestr\computer graphics\lab1\lab1\x64\debug\lab1.tlog\link.11016.10876-rc.write.1.tlog
d:\4semestr\computer graphics\lab1\lab1\x64\debug\lab1.tlog\link.11016.10876.read.1.tlog
d:\4semestr\computer graphics\lab1\lab1\x64\debug\lab1.tlog\link.11016.10876.write.1.tlog
d:\4semestr\computer graphics\lab1\lab1\x64\debug\lab1.tlog\link.11016.read.1.tlog
d:\4semestr\computer graphics\lab1\lab1\x64\debug\lab1.tlog\link.11016.write.1.tlog
d:\4semestr\computer graphics\lab1\lab1\x64\debug\lab1.tlog\link.2712.9808-cvtres.read.1.tlog
d:\4semestr\computer graphics\lab1\lab1\x64\debug\lab1.tlog\link.2712.9808-cvtres.write.1.tlog
d:\4semestr\computer graphics\lab1\lab1\x64\debug\lab1.tlog\link.2712.9808-rc.read.1.tlog
d:\4semestr\computer graphics\lab1\lab1\x64\debug\lab1.tlog\link.2712.9808-rc.write.1.tlog
d:\4semestr\computer graphics\lab1\lab1\x64\debug\lab1.tlog\link.2712.9808.read.1.tlog
d:\4semestr\computer graphics\lab1\lab1\x64\debug\lab1.tlog\link.2712.9808.write.1.tlog
d:\4semestr\computer graphics\lab1\lab1\x64\debug\lab1.tlog\link.2712.read.1.tlog
d:\4semestr\computer graphics\lab1\lab1\x64\debug\lab1.tlog\link.2712.write.1.tlog
d:\4semestr\computer graphics\lab1\lab1\x64\debug\lab1.tlog\link.2964.10068-cvtres.read.1.tlog
d:\4semestr\computer graphics\lab1\lab1\x64\debug\lab1.tlog\link.2964.10068-cvtres.write.1.tlog
d:\4semestr\computer graphics\lab1\lab1\x64\debug\lab1.tlog\link.2964.10068-rc.read.1.tlog
d:\4semestr\computer graphics\lab1\lab1\x64\debug\lab1.tlog\link.2964.10068-rc.write.1.tlog
d:\4semestr\computer graphics\lab1\lab1\x64\debug\lab1.tlog\link.2964.10068.read.1.tlog
d:\4semestr\computer graphics\lab1\lab1\x64\debug\lab1.tlog\link.2964.10068.write.1.tlog
d:\4semestr\computer graphics\lab1\lab1\x64\debug\lab1.tlog\link.2964.read.1.tlog
d:\4semestr\computer graphics\lab1\lab1\x64\debug\lab1.tlog\link.2964.write.1.tlog
d:\4semestr\computer graphics\lab1\lab1\x64\debug\lab1.tlog\link.3052.10424-cvtres.read.1.tlog
d:\4semestr\computer graphics\lab1\lab1\x64\debug\lab1.tlog\link.3052.10424-cvtres.write.1.tlog
d:\4semestr\computer graphics\lab1\lab1\x64\debug\lab1.tlog\link.3052.10424-rc.read.1.tlog
d:\4semestr\computer graphics\lab1\lab1\x64\debug\lab1.tlog\link.3052.10424-rc.write.1.tlog
d:\4semestr\computer graphics\lab1\lab1\x64\debug\lab1.tlog\link.3052.10424.read.1.tlog
d:\4semestr\computer graphics\lab1\lab1\x64\debug\lab1.tlog\link.3052.10424.write.1.tlog
d:\4semestr\computer graphics\lab1\lab1\x64\debug\lab1.tlog\link.3052.read.1.tlog
d:\4semestr\computer graphics\lab1\lab1\x64\debug\lab1.tlog\link.3052.write.1.tlog
d:\4semestr\computer graphics\lab1\lab1\x64\debug\lab1.tlog\link.8472.9880-cvtres.read.1.tlog
d:\4semestr\computer graphics\lab1\lab1\x64\debug\lab1.tlog\link.8472.9880-cvtres.write.1.tlog
d:\4semestr\computer graphics\lab1\lab1\x64\debug\lab1.tlog\link.8472.9880-rc.read.1.tlog
d:\4semestr\computer graphics\lab1\lab1\x64\debug\lab1.tlog\link.8472.9880-rc.write.1.tlog
d:\4semestr\computer graphics\lab1\lab1\x64\debug\lab1.tlog\link.8472.9880.read.1.tlog
d:\4semestr\computer graphics\lab1\lab1\x64\debug\lab1.tlog\link.8472.9880.write.1.tlog
d:\4semestr\computer graphics\lab1\lab1\x64\debug\lab1.tlog\link.8472.read.1.tlog
d:\4semestr\computer graphics\lab1\lab1\x64\debug\lab1.tlog\link.8472.write.1.tlog
d:\4semestr\computer graphics\lab1\lab1\x64\debug\lab1.tlog\link.9692.8716-cvtres.read.1.tlog
d:\4semestr\computer graphics\lab1\lab1\x64\debug\lab1.tlog\link.9692.8716-cvtres.write.1.tlog
d:\4semestr\computer graphics\lab1\lab1\x64\debug\lab1.tlog\link.9692.8716-rc.read.1.tlog
d:\4semestr\computer graphics\lab1\lab1\x64\debug\lab1.tlog\link.9692.8716-rc.write.1.tlog
d:\4semestr\computer graphics\lab1\lab1\x64\debug\lab1.tlog\link.9692.8716.read.1.tlog
d:\4semestr\computer graphics\lab1\lab1\x64\debug\lab1.tlog\link.9692.8716.write.1.tlog
d:\4semestr\computer graphics\lab1\lab1\x64\debug\lab1.tlog\link.9692.read.1.tlog
d:\4semestr\computer graphics\lab1\lab1\x64\debug\lab1.tlog\link.9692.write.1.tlog
d:\4semestr\computer graphics\lab1\lab1\x64\debug\lab1.tlog\link.command.1.tlog
d:\4semestr\computer graphics\lab1\lab1\x64\debug\lab1.tlog\link.read.1.tlog
d:\4semestr\computer graphics\lab1\lab1\x64\debug\lab1.tlog\link.write.1.tlog
d:\4semestr\computer graphics\lab1\lab1\x64\debug\lab1.tlog\metagen.read.1.tlog
d:\4semestr\computer graphics\lab1\lab1\x64\debug\lab1.tlog\metagen.write.1.tlog
d:\4semestr\computer graphics\lab1\lab1\x64\debug\lab1.tlog\tzres.dll.bi
